[debug] [2021-03-27T21:24:17.375Z] ----------------------------------------------------------------------
[debug] [2021-03-27T21:24:17.377Z] Command:       C:\Program Files\nodejs\node.exe C:\Users\derek\AppData\Roaming\npm\node_modules\firebase-tools\lib\bin\firebase.js emulators:start --only functions
[debug] [2021-03-27T21:24:17.377Z] CLI Version:   9.7.0
[debug] [2021-03-27T21:24:17.377Z] Platform:      win32
[debug] [2021-03-27T21:24:17.377Z] Node Version:  v14.13.1
[debug] [2021-03-27T21:24:17.377Z] Time:          Sun Mar 28 2021 05:24:17 GMT+0800 (中国标准时间)
[debug] [2021-03-27T21:24:17.378Z] ----------------------------------------------------------------------
[debug] 
[debug] [2021-03-27T21:24:17.379Z] >>> [apiv2][query] GET https://firebase-public.firebaseio.com/cli.json [none]
[debug] [2021-03-27T21:24:17.395Z] > command requires scopes: ["email","openid","https://www.googleapis.com/auth/cloudplatformprojects.readonly","https://www.googleapis.com/auth/firebase","https://www.googleapis.com/auth/cloud-platform"]
[debug] [2021-03-27T21:24:17.395Z] > authorizing via signed-in user
[info] i  emulators: Starting emulators: functions {"metadata":{"emulator":{"name":"hub"},"message":"Starting emulators: functions"}}
[debug] [2021-03-27T21:24:17.421Z] [hub] writing locator at C:\Users\derek\AppData\Local\Temp\hub-react-firebase-ecommerce-8e556.json
[warn] !  functions: The following emulators are not running, calls to these services from the Functions emulator will affect production: auth, firestore, database, hosting, pubsub {"metadata":{"emulator":{"name":"functions"},"message":"The following emulators are not running, calls to these services from the Functions emulator will affect production: \u001b[1mauth, firestore, database, hosting, pubsub\u001b[22m"}}
[warn] !  Your requested "node" version "12" doesn't match your global version "14" {"metadata":{"emulator":{"name":"functions"},"message":"Your requested \"node\" version \"12\" doesn't match your global version \"14\""}}
[debug] [2021-03-27T21:24:17.436Z] defaultcredentials: writing to file C:\Users\derek\AppData\Roaming\firebase\derekchancts26_gmail_com_application_default_credentials.json
[debug] [2021-03-27T21:24:17.437Z] Setting GAC to C:\Users\derek\AppData\Roaming\firebase\derekchancts26_gmail_com_application_default_credentials.json {"metadata":{"emulator":{"name":"functions"},"message":"Setting GAC to C:\\Users\\derek\\AppData\\Roaming\\firebase\\derekchancts26_gmail_com_application_default_credentials.json"}}
[debug] [2021-03-27T21:24:17.438Z] > refreshing access token with scopes: []
[debug] [2021-03-27T21:24:17.438Z] >>> HTTP REQUEST POST https://www.googleapis.com/oauth2/v3/token  
 <request body omitted>
[debug] [2021-03-27T21:24:17.491Z] Failed to get Admin SDK config for react-firebase-ecommerce-8e556, falling back to cache Failed to get Admin SDK for Firebase project react-firebase-ecommerce-8e556. Please make sure the project exists and your account has permission to access it. {"name":"FirebaseError","children":[],"exit":2,"message":"Failed to get Admin SDK for Firebase project react-firebase-ecommerce-8e556. Please make sure the project exists and your account has permission to access it.","original":{"name":"FirebaseError","children":[],"exit":1,"message":"Authentication Error: Your credentials are no longer valid. Please run \u001b[1mfirebase login --reauth\u001b[22m\n\nFor CI servers and headless environments, generate a new token with \u001b[1mfirebase login:ci\u001b[22m","status":500},"status":500}
[warn] !  functions: Unable to fetch project Admin SDK configuration, Admin SDK behavior in Cloud Functions emulator may be incorrect. {"metadata":{"emulator":{"name":"functions"},"message":"Unable to fetch project Admin SDK configuration, Admin SDK behavior in Cloud Functions emulator may be incorrect."}}
[debug] [2021-03-27T21:24:17.500Z] Ignoring unsupported arg: auto_download {"metadata":{"emulator":{"name":"ui"},"message":"Ignoring unsupported arg: auto_download"}}
[debug] [2021-03-27T21:24:17.500Z] Ignoring unsupported arg: port {"metadata":{"emulator":{"name":"ui"},"message":"Ignoring unsupported arg: port"}}
[debug] [2021-03-27T21:24:17.501Z] Starting Emulator UI with command {"binary":"node","args":["C:\\Users\\derek\\.cache\\firebase\\emulators\\ui-v1.4.2\\server.bundle.js"],"optionalArgs":[],"joinArgs":false} {"metadata":{"emulator":{"name":"ui"},"message":"Starting Emulator UI with command {\"binary\":\"node\",\"args\":[\"C:\\\\Users\\\\derek\\\\.cache\\\\firebase\\\\emulators\\\\ui-v1.4.2\\\\server.bundle.js\"],\"optionalArgs\":[],\"joinArgs\":false}"}}
[info] i  ui: Emulator UI logging to ui-debug.log {"metadata":{"emulator":{"name":"ui"},"message":"Emulator UI logging to \u001b[1mui-debug.log\u001b[22m"}}
[debug] [2021-03-27T21:24:17.603Z] Web / API server started at http://localhost:4000
 {"metadata":{"emulator":{"name":"ui"},"message":"Web / API server started at http://localhost:4000\n"}}
[info] i  functions: Watching "C:\Users\derek\Desktop\code\react-firebase-ecommerce\functions" for Cloud Functions... {"metadata":{"emulator":{"name":"functions"},"message":"Watching \"C:\\Users\\derek\\Desktop\\code\\react-firebase-ecommerce\\functions\" for Cloud Functions..."}}
[debug] [2021-03-27T21:24:17.796Z] [worker-pool] addWorker(~diagnostic~) {"metadata":{"emulator":{"name":"functions"},"message":"[worker-pool] addWorker(~diagnostic~)"}}
[debug] [2021-03-27T21:24:17.796Z] [worker-pool] Adding worker with key ~diagnostic~, total=1 {"metadata":{"emulator":{"name":"functions"},"message":"[worker-pool] Adding worker with key ~diagnostic~, total=1"}}
[debug] [2021-03-27T21:24:17.796Z] [worker-pool] submitWork(triggerId=) {"metadata":{"emulator":{"name":"functions"},"message":"[worker-pool] submitWork(triggerId=)"}}
[debug] [2021-03-27T21:24:17.796Z] [worker-~diagnostic~-e1f641ea-c059-46d9-8291-c6cb3aa09708]: Assigning socketPath: \\?\pipe\C:\Users\derek\Desktop\code\react-firebase-ecommerce\functions\18980 {"metadata":{"emulator":{"name":"functions"},"message":"[worker-~diagnostic~-e1f641ea-c059-46d9-8291-c6cb3aa09708]: Assigning socketPath: \\\\?\\pipe\\C:\\Users\\derek\\Desktop\\code\\react-firebase-ecommerce\\functions\\18980"}}
[debug] [2021-03-27T21:24:17.796Z] [worker-~diagnostic~-e1f641ea-c059-46d9-8291-c6cb3aa09708]: BUSY {"metadata":{"emulator":{"name":"functions"},"message":"[worker-~diagnostic~-e1f641ea-c059-46d9-8291-c6cb3aa09708]: BUSY"}}
[debug] [2021-03-27T21:24:17.928Z] [runtime-status] [18980] Functions runtime initialized. {"cwd":"C:\\Users\\derek\\Desktop\\code\\react-firebase-ecommerce\\functions","node_version":"14.13.1"} {"metadata":{"emulator":{"name":"functions"},"message":"[runtime-status] [18980] Functions runtime initialized. {\"cwd\":\"C:\\\\Users\\\\derek\\\\Desktop\\\\code\\\\react-firebase-ecommerce\\\\functions\",\"node_version\":\"14.13.1\"}"}}
[debug] [2021-03-27T21:24:17.929Z] [runtime-status] [18980] Disabled runtime features: undefined {"metadata":{"emulator":{"name":"functions"},"message":"[runtime-status] [18980] Disabled runtime features: undefined"}}
[debug] [2021-03-27T21:24:17.931Z] [runtime-status] [18980] Resolved module firebase-admin {"declared":true,"installed":true,"version":"9.5.0","resolution":"C:\\Users\\derek\\Desktop\\code\\react-firebase-ecommerce\\functions\\node_modules\\firebase-admin\\lib\\index.js"} {"metadata":{"emulator":{"name":"functions"},"message":"[runtime-status] [18980] Resolved module firebase-admin {\"declared\":true,\"installed\":true,\"version\":\"9.5.0\",\"resolution\":\"C:\\\\Users\\\\derek\\\\Desktop\\\\code\\\\react-firebase-ecommerce\\\\functions\\\\node_modules\\\\firebase-admin\\\\lib\\\\index.js\"}"}}
[debug] [2021-03-27T21:24:17.932Z] [runtime-status] [18980] Resolved module firebase-functions {"declared":true,"installed":true,"version":"3.13.2","resolution":"C:\\Users\\derek\\Desktop\\code\\react-firebase-ecommerce\\functions\\node_modules\\firebase-functions\\lib\\index.js"} {"metadata":{"emulator":{"name":"functions"},"message":"[runtime-status] [18980] Resolved module firebase-functions {\"declared\":true,\"installed\":true,\"version\":\"3.13.2\",\"resolution\":\"C:\\\\Users\\\\derek\\\\Desktop\\\\code\\\\react-firebase-ecommerce\\\\functions\\\\node_modules\\\\firebase-functions\\\\lib\\\\index.js\"}"}}
[debug] [2021-03-27T21:24:17.933Z] [runtime-status] [18980] Resolved module firebase-functions {"declared":true,"installed":true,"version":"3.13.2","resolution":"C:\\Users\\derek\\Desktop\\code\\react-firebase-ecommerce\\functions\\node_modules\\firebase-functions\\lib\\index.js"} {"metadata":{"emulator":{"name":"functions"},"message":"[runtime-status] [18980] Resolved module firebase-functions {\"declared\":true,\"installed\":true,\"version\":\"3.13.2\",\"resolution\":\"C:\\\\Users\\\\derek\\\\Desktop\\\\code\\\\react-firebase-ecommerce\\\\functions\\\\node_modules\\\\firebase-functions\\\\lib\\\\index.js\"}"}}
[debug] [2021-03-27T21:24:17.934Z] [runtime-status] [18980] Outgoing network have been stubbed. [{"name":"http","status":"mocked"},{"name":"http","status":"mocked"},{"name":"https","status":"mocked"},{"name":"https","status":"mocked"},{"name":"net","status":"mocked"}] {"metadata":{"emulator":{"name":"functions"},"message":"[runtime-status] [18980] Outgoing network have been stubbed. [{\"name\":\"http\",\"status\":\"mocked\"},{\"name\":\"http\",\"status\":\"mocked\"},{\"name\":\"https\",\"status\":\"mocked\"},{\"name\":\"https\",\"status\":\"mocked\"},{\"name\":\"net\",\"status\":\"mocked\"}]"}}
[debug] [2021-03-27T21:24:17.935Z] [runtime-status] [18980] Resolved module firebase-functions {"declared":true,"installed":true,"version":"3.13.2","resolution":"C:\\Users\\derek\\Desktop\\code\\react-firebase-ecommerce\\functions\\node_modules\\firebase-functions\\lib\\index.js"} {"metadata":{"emulator":{"name":"functions"},"message":"[runtime-status] [18980] Resolved module firebase-functions {\"declared\":true,\"installed\":true,\"version\":\"3.13.2\",\"resolution\":\"C:\\\\Users\\\\derek\\\\Desktop\\\\code\\\\react-firebase-ecommerce\\\\functions\\\\node_modules\\\\firebase-functions\\\\lib\\\\index.js\"}"}}
[debug] [2021-03-27T21:24:18.000Z] [runtime-status] [18980] Checked functions.config() {"config":{}} {"metadata":{"emulator":{"name":"functions"},"message":"[runtime-status] [18980] Checked functions.config() {\"config\":{}}"}}
[debug] [2021-03-27T21:24:18.000Z] [runtime-status] [18980] firebase-functions has been stubbed. {"functionsResolution":{"declared":true,"installed":true,"version":"3.13.2","resolution":"C:\\Users\\derek\\Desktop\\code\\react-firebase-ecommerce\\functions\\node_modules\\firebase-functions\\lib\\index.js"}} {"metadata":{"emulator":{"name":"functions"},"message":"[runtime-status] [18980] firebase-functions has been stubbed. {\"functionsResolution\":{\"declared\":true,\"installed\":true,\"version\":\"3.13.2\",\"resolution\":\"C:\\\\Users\\\\derek\\\\Desktop\\\\code\\\\react-firebase-ecommerce\\\\functions\\\\node_modules\\\\firebase-functions\\\\lib\\\\index.js\"}}"}}
[debug] [2021-03-27T21:24:18.000Z] [runtime-status] [18980] Resolved module firebase-functions {"declared":true,"installed":true,"version":"3.13.2","resolution":"C:\\Users\\derek\\Desktop\\code\\react-firebase-ecommerce\\functions\\node_modules\\firebase-functions\\lib\\index.js"} {"metadata":{"emulator":{"name":"functions"},"message":"[runtime-status] [18980] Resolved module firebase-functions {\"declared\":true,\"installed\":true,\"version\":\"3.13.2\",\"resolution\":\"C:\\\\Users\\\\derek\\\\Desktop\\\\code\\\\react-firebase-ecommerce\\\\functions\\\\node_modules\\\\firebase-functions\\\\lib\\\\index.js\"}"}}
[debug] [2021-03-27T21:24:18.001Z] [runtime-status] [18980] Resolved module firebase-admin {"declared":true,"installed":true,"version":"9.5.0","resolution":"C:\\Users\\derek\\Desktop\\code\\react-firebase-ecommerce\\functions\\node_modules\\firebase-admin\\lib\\index.js"} {"metadata":{"emulator":{"name":"functions"},"message":"[runtime-status] [18980] Resolved module firebase-admin {\"declared\":true,\"installed\":true,\"version\":\"9.5.0\",\"resolution\":\"C:\\\\Users\\\\derek\\\\Desktop\\\\code\\\\react-firebase-ecommerce\\\\functions\\\\node_modules\\\\firebase-admin\\\\lib\\\\index.js\"}"}}
[debug] [2021-03-27T21:24:18.001Z] [runtime-status] [18980] Resolved module firebase-functions {"declared":true,"installed":true,"version":"3.13.2","resolution":"C:\\Users\\derek\\Desktop\\code\\react-firebase-ecommerce\\functions\\node_modules\\firebase-functions\\lib\\index.js"} {"metadata":{"emulator":{"name":"functions"},"message":"[runtime-status] [18980] Resolved module firebase-functions {\"declared\":true,\"installed\":true,\"version\":\"3.13.2\",\"resolution\":\"C:\\\\Users\\\\derek\\\\Desktop\\\\code\\\\react-firebase-ecommerce\\\\functions\\\\node_modules\\\\firebase-functions\\\\lib\\\\index.js\"}"}}
[debug] [2021-03-27T21:24:18.002Z] [runtime-status] [18980] firebase-admin has been stubbed. {"adminResolution":{"declared":true,"installed":true,"version":"9.5.0","resolution":"C:\\Users\\derek\\Desktop\\code\\react-firebase-ecommerce\\functions\\node_modules\\firebase-admin\\lib\\index.js"}} {"metadata":{"emulator":{"name":"functions"},"message":"[runtime-status] [18980] firebase-admin has been stubbed. {\"adminResolution\":{\"declared\":true,\"installed\":true,\"version\":\"9.5.0\",\"resolution\":\"C:\\\\Users\\\\derek\\\\Desktop\\\\code\\\\react-firebase-ecommerce\\\\functions\\\\node_modules\\\\firebase-admin\\\\lib\\\\index.js\"}}"}}
[info] +  functions[api]: http function initialized (http://localhost:5001/react-firebase-ecommerce-8e556/us-central1/api). {"metadata":{"emulator":{"name":"functions"},"message":"\u001b[1mhttp\u001b[22m function initialized (http://localhost:5001/react-firebase-ecommerce-8e556/us-central1/api)."}}
[info] 
┌─────────────────────────────────────────────────────────────┐
│ ✔  All emulators ready! It is now safe to connect your app. │
│ i  View Emulator UI at http://localhost:4000                │
└─────────────────────────────────────────────────────────────┘

┌───────────┬────────────────┬─────────────────────────────────┐
│ Emulator  │ Host:Port      │ View in Emulator UI             │
├───────────┼────────────────┼─────────────────────────────────┤
│ Functions │ localhost:5001 │ http://localhost:4000/functions │
└───────────┴────────────────┴─────────────────────────────────┘
  Emulator Hub running at localhost:4400
  Other reserved ports: 4500

Issues? Report them at https://github.com/firebase/firebase-tools/issues and attach the *-debug.log files.
 
[debug] [2021-03-27T21:24:18.168Z] [worker-~diagnostic~-e1f641ea-c059-46d9-8291-c6cb3aa09708]: IDLE {"metadata":{"emulator":{"name":"functions"},"message":"[worker-~diagnostic~-e1f641ea-c059-46d9-8291-c6cb3aa09708]: IDLE"}}
[debug] [2021-03-27T21:25:26.759Z] [work-queue] {"queueLength":1,"workRunningCount":0}
[debug] [2021-03-27T21:25:26.760Z] [work-queue] {"queueLength":0,"workRunningCount":1}
[debug] [2021-03-27T21:25:26.761Z] Accepted request OPTIONS /react-firebase-ecommerce-8e556/us-central1/api/payments/create --> api
[debug] [2021-03-27T21:25:26.772Z] [worker-pool] addWorker(api) {"metadata":{"emulator":{"name":"functions"},"message":"[worker-pool] addWorker(api)"}}
[debug] [2021-03-27T21:25:26.773Z] [worker-pool] Adding worker with key api, total=1 {"metadata":{"emulator":{"name":"functions"},"message":"[worker-pool] Adding worker with key api, total=1"}}
[debug] [2021-03-27T21:25:26.773Z] [worker-pool] submitWork(triggerId=api) {"metadata":{"emulator":{"name":"functions"},"message":"[worker-pool] submitWork(triggerId=api)"}}
[debug] [2021-03-27T21:25:26.773Z] [worker-api-47a51659-e194-40d4-b5a9-0e45adb04a57]: Assigning socketPath: \\?\pipe\C:\Users\derek\Desktop\code\react-firebase-ecommerce\functions\19184 {"metadata":{"emulator":{"name":"functions"},"message":"[worker-api-47a51659-e194-40d4-b5a9-0e45adb04a57]: Assigning socketPath: \\\\?\\pipe\\C:\\Users\\derek\\Desktop\\code\\react-firebase-ecommerce\\functions\\19184"}}
[debug] [2021-03-27T21:25:26.773Z] [worker-api-47a51659-e194-40d4-b5a9-0e45adb04a57]: BUSY {"metadata":{"emulator":{"name":"functions"},"message":"[worker-api-47a51659-e194-40d4-b5a9-0e45adb04a57]: BUSY"}}
[debug] [2021-03-27T21:25:26.906Z] [runtime-status] [19184] Functions runtime initialized. {"cwd":"C:\\Users\\derek\\Desktop\\code\\react-firebase-ecommerce\\functions","node_version":"14.13.1"} {"metadata":{"emulator":{"name":"functions"},"function":{"name":"api"},"message":"[runtime-status] [19184] Functions runtime initialized. {\"cwd\":\"C:\\\\Users\\\\derek\\\\Desktop\\\\code\\\\react-firebase-ecommerce\\\\functions\",\"node_version\":\"14.13.1\"}"}}
[debug] [2021-03-27T21:25:26.908Z] [runtime-status] [19184] Disabled runtime features: undefined {"metadata":{"emulator":{"name":"functions"},"function":{"name":"api"},"message":"[runtime-status] [19184] Disabled runtime features: undefined"}}
[debug] [2021-03-27T21:25:26.910Z] [runtime-status] [19184] Resolved module firebase-admin {"declared":true,"installed":true,"version":"9.5.0","resolution":"C:\\Users\\derek\\Desktop\\code\\react-firebase-ecommerce\\functions\\node_modules\\firebase-admin\\lib\\index.js"} {"metadata":{"emulator":{"name":"functions"},"function":{"name":"api"},"message":"[runtime-status] [19184] Resolved module firebase-admin {\"declared\":true,\"installed\":true,\"version\":\"9.5.0\",\"resolution\":\"C:\\\\Users\\\\derek\\\\Desktop\\\\code\\\\react-firebase-ecommerce\\\\functions\\\\node_modules\\\\firebase-admin\\\\lib\\\\index.js\"}"}}
[debug] [2021-03-27T21:25:26.911Z] [runtime-status] [19184] Resolved module firebase-functions {"declared":true,"installed":true,"version":"3.13.2","resolution":"C:\\Users\\derek\\Desktop\\code\\react-firebase-ecommerce\\functions\\node_modules\\firebase-functions\\lib\\index.js"} {"metadata":{"emulator":{"name":"functions"},"function":{"name":"api"},"message":"[runtime-status] [19184] Resolved module firebase-functions {\"declared\":true,\"installed\":true,\"version\":\"3.13.2\",\"resolution\":\"C:\\\\Users\\\\derek\\\\Desktop\\\\code\\\\react-firebase-ecommerce\\\\functions\\\\node_modules\\\\firebase-functions\\\\lib\\\\index.js\"}"}}
[debug] [2021-03-27T21:25:26.912Z] [runtime-status] [19184] Resolved module firebase-functions {"declared":true,"installed":true,"version":"3.13.2","resolution":"C:\\Users\\derek\\Desktop\\code\\react-firebase-ecommerce\\functions\\node_modules\\firebase-functions\\lib\\index.js"} {"metadata":{"emulator":{"name":"functions"},"function":{"name":"api"},"message":"[runtime-status] [19184] Resolved module firebase-functions {\"declared\":true,\"installed\":true,\"version\":\"3.13.2\",\"resolution\":\"C:\\\\Users\\\\derek\\\\Desktop\\\\code\\\\react-firebase-ecommerce\\\\functions\\\\node_modules\\\\firebase-functions\\\\lib\\\\index.js\"}"}}
[debug] [2021-03-27T21:25:26.913Z] [runtime-status] [19184] Outgoing network have been stubbed. [{"name":"http","status":"mocked"},{"name":"http","status":"mocked"},{"name":"https","status":"mocked"},{"name":"https","status":"mocked"},{"name":"net","status":"mocked"}] {"metadata":{"emulator":{"name":"functions"},"function":{"name":"api"},"message":"[runtime-status] [19184] Outgoing network have been stubbed. [{\"name\":\"http\",\"status\":\"mocked\"},{\"name\":\"http\",\"status\":\"mocked\"},{\"name\":\"https\",\"status\":\"mocked\"},{\"name\":\"https\",\"status\":\"mocked\"},{\"name\":\"net\",\"status\":\"mocked\"}]"}}
[debug] [2021-03-27T21:25:26.913Z] [runtime-status] [19184] Resolved module firebase-functions {"declared":true,"installed":true,"version":"3.13.2","resolution":"C:\\Users\\derek\\Desktop\\code\\react-firebase-ecommerce\\functions\\node_modules\\firebase-functions\\lib\\index.js"} {"metadata":{"emulator":{"name":"functions"},"function":{"name":"api"},"message":"[runtime-status] [19184] Resolved module firebase-functions {\"declared\":true,\"installed\":true,\"version\":\"3.13.2\",\"resolution\":\"C:\\\\Users\\\\derek\\\\Desktop\\\\code\\\\react-firebase-ecommerce\\\\functions\\\\node_modules\\\\firebase-functions\\\\lib\\\\index.js\"}"}}
[debug] [2021-03-27T21:25:26.942Z] [runtime-status] [19184] Checked functions.config() {"config":{}} {"metadata":{"emulator":{"name":"functions"},"function":{"name":"api"},"message":"[runtime-status] [19184] Checked functions.config() {\"config\":{}}"}}
[debug] [2021-03-27T21:25:26.943Z] [runtime-status] [19184] firebase-functions has been stubbed. {"functionsResolution":{"declared":true,"installed":true,"version":"3.13.2","resolution":"C:\\Users\\derek\\Desktop\\code\\react-firebase-ecommerce\\functions\\node_modules\\firebase-functions\\lib\\index.js"}} {"metadata":{"emulator":{"name":"functions"},"function":{"name":"api"},"message":"[runtime-status] [19184] firebase-functions has been stubbed. {\"functionsResolution\":{\"declared\":true,\"installed\":true,\"version\":\"3.13.2\",\"resolution\":\"C:\\\\Users\\\\derek\\\\Desktop\\\\code\\\\react-firebase-ecommerce\\\\functions\\\\node_modules\\\\firebase-functions\\\\lib\\\\index.js\"}}"}}
[debug] [2021-03-27T21:25:26.943Z] [runtime-status] [19184] Resolved module firebase-functions {"declared":true,"installed":true,"version":"3.13.2","resolution":"C:\\Users\\derek\\Desktop\\code\\react-firebase-ecommerce\\functions\\node_modules\\firebase-functions\\lib\\index.js"} {"metadata":{"emulator":{"name":"functions"},"function":{"name":"api"},"message":"[runtime-status] [19184] Resolved module firebase-functions {\"declared\":true,\"installed\":true,\"version\":\"3.13.2\",\"resolution\":\"C:\\\\Users\\\\derek\\\\Desktop\\\\code\\\\react-firebase-ecommerce\\\\functions\\\\node_modules\\\\firebase-functions\\\\lib\\\\index.js\"}"}}
[debug] [2021-03-27T21:25:26.944Z] [runtime-status] [19184] Resolved module firebase-admin {"declared":true,"installed":true,"version":"9.5.0","resolution":"C:\\Users\\derek\\Desktop\\code\\react-firebase-ecommerce\\functions\\node_modules\\firebase-admin\\lib\\index.js"} {"metadata":{"emulator":{"name":"functions"},"function":{"name":"api"},"message":"[runtime-status] [19184] Resolved module firebase-admin {\"declared\":true,\"installed\":true,\"version\":\"9.5.0\",\"resolution\":\"C:\\\\Users\\\\derek\\\\Desktop\\\\code\\\\react-firebase-ecommerce\\\\functions\\\\node_modules\\\\firebase-admin\\\\lib\\\\index.js\"}"}}
[debug] [2021-03-27T21:25:26.944Z] [runtime-status] [19184] Resolved module firebase-functions {"declared":true,"installed":true,"version":"3.13.2","resolution":"C:\\Users\\derek\\Desktop\\code\\react-firebase-ecommerce\\functions\\node_modules\\firebase-functions\\lib\\index.js"} {"metadata":{"emulator":{"name":"functions"},"function":{"name":"api"},"message":"[runtime-status] [19184] Resolved module firebase-functions {\"declared\":true,\"installed\":true,\"version\":\"3.13.2\",\"resolution\":\"C:\\\\Users\\\\derek\\\\Desktop\\\\code\\\\react-firebase-ecommerce\\\\functions\\\\node_modules\\\\firebase-functions\\\\lib\\\\index.js\"}"}}
[debug] [2021-03-27T21:25:26.944Z] [runtime-status] [19184] firebase-admin has been stubbed. {"adminResolution":{"declared":true,"installed":true,"version":"9.5.0","resolution":"C:\\Users\\derek\\Desktop\\code\\react-firebase-ecommerce\\functions\\node_modules\\firebase-admin\\lib\\index.js"}} {"metadata":{"emulator":{"name":"functions"},"function":{"name":"api"},"message":"[runtime-status] [19184] firebase-admin has been stubbed. {\"adminResolution\":{\"declared\":true,\"installed\":true,\"version\":\"9.5.0\",\"resolution\":\"C:\\\\Users\\\\derek\\\\Desktop\\\\code\\\\react-firebase-ecommerce\\\\functions\\\\node_modules\\\\firebase-admin\\\\lib\\\\index.js\"}}"}}
[debug] [2021-03-27T21:25:27.048Z] [runtime-status] [19184] Trigger "api" has been found, beginning invocation! {"metadata":{"emulator":{"name":"functions"},"function":{"name":"api"},"message":"[runtime-status] [19184] Trigger \"api\" has been found, beginning invocation!"}}
[info] i  functions: Beginning execution of "api" {"metadata":{"emulator":{"name":"functions"},"function":{"name":"api"},"message":"Beginning execution of \"api\""}}
[debug] [2021-03-27T21:25:27.049Z] [runtime-status] [19184] triggerDefinition {"httpsTrigger":{},"name":"api","entryPoint":"api"} {"metadata":{"emulator":{"name":"functions"},"function":{"name":"api"},"message":"[runtime-status] [19184] triggerDefinition {\"httpsTrigger\":{},\"name\":\"api\",\"entryPoint\":\"api\"}"}}
[debug] [2021-03-27T21:25:27.050Z] [runtime-status] [19184] Running api in mode HTTPS {"metadata":{"emulator":{"name":"functions"},"function":{"name":"api"},"message":"[runtime-status] [19184] Running api in mode HTTPS"}}
[debug] [2021-03-27T21:25:27.051Z] [runtime-status] [19184] Attempting to listen to socketPath: \\?\pipe\C:\Users\derek\Desktop\code\react-firebase-ecommerce\functions\19184 {"metadata":{"emulator":{"name":"functions"},"function":{"name":"api"},"message":"[runtime-status] [19184] Attempting to listen to socketPath: \\\\?\\pipe\\C:\\Users\\derek\\Desktop\\code\\react-firebase-ecommerce\\functions\\19184"}}
[debug] [2021-03-27T21:25:27.053Z] [functions] Runtime ready! Sending request! {"metadata":{"emulator":{"name":"functions"},"message":"[functions] Runtime ready! Sending request!"}}
[debug] [2021-03-27T21:25:27.054Z] [functions] Got req.url=/react-firebase-ecommerce-8e556/us-central1/api/payments/create, mapping to path=/payments/create {"metadata":{"emulator":{"name":"functions"},"message":"[functions] Got req.url=/react-firebase-ecommerce-8e556/us-central1/api/payments/create, mapping to path=/payments/create"}}
[debug] [2021-03-27T21:25:27.060Z] [runtime-status] [19184] Ephemeral server handling OPTIONS request {"metadata":{"emulator":{"name":"functions"},"function":{"name":"api"},"message":"[runtime-status] [19184] Ephemeral server handling OPTIONS request"}}
[debug] [2021-03-27T21:25:27.064Z] [runtime-status] [19184] Ephemeral server survived. {"metadata":{"emulator":{"name":"functions"},"function":{"name":"api"},"message":"[runtime-status] [19184] Ephemeral server survived."}}
[debug] [2021-03-27T21:25:27.065Z] [work-queue] {"queueLength":1,"workRunningCount":1}
[debug] [2021-03-27T21:25:27.065Z] [work-queue] {"queueLength":0,"workRunningCount":2}
[debug] [2021-03-27T21:25:27.066Z] Accepted request POST /react-firebase-ecommerce-8e556/us-central1/api/payments/create --> api
[debug] [2021-03-27T21:25:27.073Z] [worker-pool] addWorker(api) {"metadata":{"emulator":{"name":"functions"},"message":"[worker-pool] addWorker(api)"}}
[debug] [2021-03-27T21:25:27.073Z] [worker-pool] Adding worker with key api, total=2 {"metadata":{"emulator":{"name":"functions"},"message":"[worker-pool] Adding worker with key api, total=2"}}
[debug] [2021-03-27T21:25:27.073Z] [worker-pool] submitWork(triggerId=api) {"metadata":{"emulator":{"name":"functions"},"message":"[worker-pool] submitWork(triggerId=api)"}}
[debug] [2021-03-27T21:25:27.073Z] [worker-api-b41e06a5-5793-4608-9539-ec019093bf16]: Assigning socketPath: \\?\pipe\C:\Users\derek\Desktop\code\react-firebase-ecommerce\functions\12988 {"metadata":{"emulator":{"name":"functions"},"message":"[worker-api-b41e06a5-5793-4608-9539-ec019093bf16]: Assigning socketPath: \\\\?\\pipe\\C:\\Users\\derek\\Desktop\\code\\react-firebase-ecommerce\\functions\\12988"}}
[debug] [2021-03-27T21:25:27.073Z] [worker-api-b41e06a5-5793-4608-9539-ec019093bf16]: BUSY {"metadata":{"emulator":{"name":"functions"},"message":"[worker-api-b41e06a5-5793-4608-9539-ec019093bf16]: BUSY"}}
[info] i  functions: Finished "api" in ~1s {"metadata":{"emulator":{"name":"functions"},"function":{"name":"api"},"message":"Finished \"api\" in ~1s"}}
[debug] [2021-03-27T21:25:27.074Z] [worker-api-47a51659-e194-40d4-b5a9-0e45adb04a57]: IDLE {"metadata":{"emulator":{"name":"functions"},"message":"[worker-api-47a51659-e194-40d4-b5a9-0e45adb04a57]: IDLE"}}
[debug] [2021-03-27T21:25:27.074Z] [work-queue] {"queueLength":0,"workRunningCount":1}
[debug] [2021-03-27T21:25:27.205Z] [runtime-status] [12988] Functions runtime initialized. {"cwd":"C:\\Users\\derek\\Desktop\\code\\react-firebase-ecommerce\\functions","node_version":"14.13.1"} {"metadata":{"emulator":{"name":"functions"},"function":{"name":"api"},"message":"[runtime-status] [12988] Functions runtime initialized. {\"cwd\":\"C:\\\\Users\\\\derek\\\\Desktop\\\\code\\\\react-firebase-ecommerce\\\\functions\",\"node_version\":\"14.13.1\"}"}}
[debug] [2021-03-27T21:25:27.207Z] [runtime-status] [12988] Disabled runtime features: undefined {"metadata":{"emulator":{"name":"functions"},"function":{"name":"api"},"message":"[runtime-status] [12988] Disabled runtime features: undefined"}}
[debug] [2021-03-27T21:25:27.208Z] [runtime-status] [12988] Resolved module firebase-admin {"declared":true,"installed":true,"version":"9.5.0","resolution":"C:\\Users\\derek\\Desktop\\code\\react-firebase-ecommerce\\functions\\node_modules\\firebase-admin\\lib\\index.js"} {"metadata":{"emulator":{"name":"functions"},"function":{"name":"api"},"message":"[runtime-status] [12988] Resolved module firebase-admin {\"declared\":true,\"installed\":true,\"version\":\"9.5.0\",\"resolution\":\"C:\\\\Users\\\\derek\\\\Desktop\\\\code\\\\react-firebase-ecommerce\\\\functions\\\\node_modules\\\\firebase-admin\\\\lib\\\\index.js\"}"}}
[debug] [2021-03-27T21:25:27.209Z] [runtime-status] [12988] Resolved module firebase-functions {"declared":true,"installed":true,"version":"3.13.2","resolution":"C:\\Users\\derek\\Desktop\\code\\react-firebase-ecommerce\\functions\\node_modules\\firebase-functions\\lib\\index.js"} {"metadata":{"emulator":{"name":"functions"},"function":{"name":"api"},"message":"[runtime-status] [12988] Resolved module firebase-functions {\"declared\":true,\"installed\":true,\"version\":\"3.13.2\",\"resolution\":\"C:\\\\Users\\\\derek\\\\Desktop\\\\code\\\\react-firebase-ecommerce\\\\functions\\\\node_modules\\\\firebase-functions\\\\lib\\\\index.js\"}"}}
[debug] [2021-03-27T21:25:27.210Z] [runtime-status] [12988] Resolved module firebase-functions {"declared":true,"installed":true,"version":"3.13.2","resolution":"C:\\Users\\derek\\Desktop\\code\\react-firebase-ecommerce\\functions\\node_modules\\firebase-functions\\lib\\index.js"} {"metadata":{"emulator":{"name":"functions"},"function":{"name":"api"},"message":"[runtime-status] [12988] Resolved module firebase-functions {\"declared\":true,\"installed\":true,\"version\":\"3.13.2\",\"resolution\":\"C:\\\\Users\\\\derek\\\\Desktop\\\\code\\\\react-firebase-ecommerce\\\\functions\\\\node_modules\\\\firebase-functions\\\\lib\\\\index.js\"}"}}
[debug] [2021-03-27T21:25:27.212Z] [runtime-status] [12988] Outgoing network have been stubbed. [{"name":"http","status":"mocked"},{"name":"http","status":"mocked"},{"name":"https","status":"mocked"},{"name":"https","status":"mocked"},{"name":"net","status":"mocked"}] {"metadata":{"emulator":{"name":"functions"},"function":{"name":"api"},"message":"[runtime-status] [12988] Outgoing network have been stubbed. [{\"name\":\"http\",\"status\":\"mocked\"},{\"name\":\"http\",\"status\":\"mocked\"},{\"name\":\"https\",\"status\":\"mocked\"},{\"name\":\"https\",\"status\":\"mocked\"},{\"name\":\"net\",\"status\":\"mocked\"}]"}}
[debug] [2021-03-27T21:25:27.212Z] [runtime-status] [12988] Resolved module firebase-functions {"declared":true,"installed":true,"version":"3.13.2","resolution":"C:\\Users\\derek\\Desktop\\code\\react-firebase-ecommerce\\functions\\node_modules\\firebase-functions\\lib\\index.js"} {"metadata":{"emulator":{"name":"functions"},"function":{"name":"api"},"message":"[runtime-status] [12988] Resolved module firebase-functions {\"declared\":true,\"installed\":true,\"version\":\"3.13.2\",\"resolution\":\"C:\\\\Users\\\\derek\\\\Desktop\\\\code\\\\react-firebase-ecommerce\\\\functions\\\\node_modules\\\\firebase-functions\\\\lib\\\\index.js\"}"}}
[debug] [2021-03-27T21:25:27.241Z] [runtime-status] [12988] Checked functions.config() {"config":{}} {"metadata":{"emulator":{"name":"functions"},"function":{"name":"api"},"message":"[runtime-status] [12988] Checked functions.config() {\"config\":{}}"}}
[debug] [2021-03-27T21:25:27.241Z] [runtime-status] [12988] firebase-functions has been stubbed. {"functionsResolution":{"declared":true,"installed":true,"version":"3.13.2","resolution":"C:\\Users\\derek\\Desktop\\code\\react-firebase-ecommerce\\functions\\node_modules\\firebase-functions\\lib\\index.js"}} {"metadata":{"emulator":{"name":"functions"},"function":{"name":"api"},"message":"[runtime-status] [12988] firebase-functions has been stubbed. {\"functionsResolution\":{\"declared\":true,\"installed\":true,\"version\":\"3.13.2\",\"resolution\":\"C:\\\\Users\\\\derek\\\\Desktop\\\\code\\\\react-firebase-ecommerce\\\\functions\\\\node_modules\\\\firebase-functions\\\\lib\\\\index.js\"}}"}}
[debug] [2021-03-27T21:25:27.241Z] [runtime-status] [12988] Resolved module firebase-functions {"declared":true,"installed":true,"version":"3.13.2","resolution":"C:\\Users\\derek\\Desktop\\code\\react-firebase-ecommerce\\functions\\node_modules\\firebase-functions\\lib\\index.js"} {"metadata":{"emulator":{"name":"functions"},"function":{"name":"api"},"message":"[runtime-status] [12988] Resolved module firebase-functions {\"declared\":true,\"installed\":true,\"version\":\"3.13.2\",\"resolution\":\"C:\\\\Users\\\\derek\\\\Desktop\\\\code\\\\react-firebase-ecommerce\\\\functions\\\\node_modules\\\\firebase-functions\\\\lib\\\\index.js\"}"}}
[debug] [2021-03-27T21:25:27.242Z] [runtime-status] [12988] Resolved module firebase-admin {"declared":true,"installed":true,"version":"9.5.0","resolution":"C:\\Users\\derek\\Desktop\\code\\react-firebase-ecommerce\\functions\\node_modules\\firebase-admin\\lib\\index.js"} {"metadata":{"emulator":{"name":"functions"},"function":{"name":"api"},"message":"[runtime-status] [12988] Resolved module firebase-admin {\"declared\":true,\"installed\":true,\"version\":\"9.5.0\",\"resolution\":\"C:\\\\Users\\\\derek\\\\Desktop\\\\code\\\\react-firebase-ecommerce\\\\functions\\\\node_modules\\\\firebase-admin\\\\lib\\\\index.js\"}"}}
[debug] [2021-03-27T21:25:27.242Z] [runtime-status] [12988] Resolved module firebase-functions {"declared":true,"installed":true,"version":"3.13.2","resolution":"C:\\Users\\derek\\Desktop\\code\\react-firebase-ecommerce\\functions\\node_modules\\firebase-functions\\lib\\index.js"} {"metadata":{"emulator":{"name":"functions"},"function":{"name":"api"},"message":"[runtime-status] [12988] Resolved module firebase-functions {\"declared\":true,\"installed\":true,\"version\":\"3.13.2\",\"resolution\":\"C:\\\\Users\\\\derek\\\\Desktop\\\\code\\\\react-firebase-ecommerce\\\\functions\\\\node_modules\\\\firebase-functions\\\\lib\\\\index.js\"}"}}
[debug] [2021-03-27T21:25:27.242Z] [runtime-status] [12988] firebase-admin has been stubbed. {"adminResolution":{"declared":true,"installed":true,"version":"9.5.0","resolution":"C:\\Users\\derek\\Desktop\\code\\react-firebase-ecommerce\\functions\\node_modules\\firebase-admin\\lib\\index.js"}} {"metadata":{"emulator":{"name":"functions"},"function":{"name":"api"},"message":"[runtime-status] [12988] firebase-admin has been stubbed. {\"adminResolution\":{\"declared\":true,\"installed\":true,\"version\":\"9.5.0\",\"resolution\":\"C:\\\\Users\\\\derek\\\\Desktop\\\\code\\\\react-firebase-ecommerce\\\\functions\\\\node_modules\\\\firebase-admin\\\\lib\\\\index.js\"}}"}}
[debug] [2021-03-27T21:25:27.339Z] [runtime-status] [12988] Trigger "api" has been found, beginning invocation! {"metadata":{"emulator":{"name":"functions"},"function":{"name":"api"},"message":"[runtime-status] [12988] Trigger \"api\" has been found, beginning invocation!"}}
[info] i  functions: Beginning execution of "api" {"metadata":{"emulator":{"name":"functions"},"function":{"name":"api"},"message":"Beginning execution of \"api\""}}
[debug] [2021-03-27T21:25:27.340Z] [runtime-status] [12988] triggerDefinition {"httpsTrigger":{},"name":"api","entryPoint":"api"} {"metadata":{"emulator":{"name":"functions"},"function":{"name":"api"},"message":"[runtime-status] [12988] triggerDefinition {\"httpsTrigger\":{},\"name\":\"api\",\"entryPoint\":\"api\"}"}}
[debug] [2021-03-27T21:25:27.341Z] [runtime-status] [12988] Running api in mode HTTPS {"metadata":{"emulator":{"name":"functions"},"function":{"name":"api"},"message":"[runtime-status] [12988] Running api in mode HTTPS"}}
[debug] [2021-03-27T21:25:27.342Z] [runtime-status] [12988] Attempting to listen to socketPath: \\?\pipe\C:\Users\derek\Desktop\code\react-firebase-ecommerce\functions\12988 {"metadata":{"emulator":{"name":"functions"},"function":{"name":"api"},"message":"[runtime-status] [12988] Attempting to listen to socketPath: \\\\?\\pipe\\C:\\Users\\derek\\Desktop\\code\\react-firebase-ecommerce\\functions\\12988"}}
[debug] [2021-03-27T21:25:27.344Z] [functions] Runtime ready! Sending request! {"metadata":{"emulator":{"name":"functions"},"message":"[functions] Runtime ready! Sending request!"}}
[debug] [2021-03-27T21:25:27.344Z] [functions] Got req.url=/react-firebase-ecommerce-8e556/us-central1/api/payments/create, mapping to path=/payments/create {"metadata":{"emulator":{"name":"functions"},"message":"[functions] Got req.url=/react-firebase-ecommerce-8e556/us-central1/api/payments/create, mapping to path=/payments/create"}}
[debug] [2021-03-27T21:25:27.372Z] [runtime-status] [12988] Ephemeral server handling POST request {"metadata":{"emulator":{"name":"functions"},"function":{"name":"api"},"message":"[runtime-status] [12988] Ephemeral server handling POST request"}}
[debug] [2021-03-27T21:25:27.381Z] [runtime-status] [12988] Ephemeral server survived. {"metadata":{"emulator":{"name":"functions"},"function":{"name":"api"},"message":"[runtime-status] [12988] Ephemeral server survived."}}
[info] i  functions: Finished "api" in ~1s {"metadata":{"emulator":{"name":"functions"},"function":{"name":"api"},"message":"Finished \"api\" in ~1s"}}
[debug] [2021-03-27T21:25:28.542Z] [worker-api-b41e06a5-5793-4608-9539-ec019093bf16]: IDLE {"metadata":{"emulator":{"name":"functions"},"message":"[worker-api-b41e06a5-5793-4608-9539-ec019093bf16]: IDLE"}}
[debug] [2021-03-27T21:25:28.542Z] [work-queue] {"queueLength":0,"workRunningCount":0}
[debug] [2021-03-27T21:25:29.925Z] [work-queue] {"queueLength":1,"workRunningCount":0}
[debug] [2021-03-27T21:25:29.925Z] [work-queue] {"queueLength":0,"workRunningCount":1}
[debug] [2021-03-27T21:25:29.925Z] Accepted request POST /react-firebase-ecommerce-8e556/us-central1/api/payments/create --> api
[debug] [2021-03-27T21:25:29.925Z] [worker-pool] submitWork(triggerId=api) {"metadata":{"emulator":{"name":"functions"},"message":"[worker-pool] submitWork(triggerId=api)"}}
[debug] [2021-03-27T21:25:29.925Z] [worker-api-47a51659-e194-40d4-b5a9-0e45adb04a57]: Assigning socketPath: \\?\pipe\C:\Users\derek\Desktop\code\react-firebase-ecommerce\functions\19184 {"metadata":{"emulator":{"name":"functions"},"message":"[worker-api-47a51659-e194-40d4-b5a9-0e45adb04a57]: Assigning socketPath: \\\\?\\pipe\\C:\\Users\\derek\\Desktop\\code\\react-firebase-ecommerce\\functions\\19184"}}
[debug] [2021-03-27T21:25:29.925Z] [worker-api-47a51659-e194-40d4-b5a9-0e45adb04a57]: BUSY {"metadata":{"emulator":{"name":"functions"},"message":"[worker-api-47a51659-e194-40d4-b5a9-0e45adb04a57]: BUSY"}}
[debug] [2021-03-27T21:25:29.926Z] [runtime-status] [19184] Trigger "api" has been found, beginning invocation! {"metadata":{"emulator":{"name":"functions"},"function":{"name":"api"},"message":"[runtime-status] [19184] Trigger \"api\" has been found, beginning invocation!"}}
[info] i  functions: Beginning execution of "api" {"metadata":{"emulator":{"name":"functions"},"function":{"name":"api"},"message":"Beginning execution of \"api\""}}
[debug] [2021-03-27T21:25:29.927Z] [runtime-status] [19184] triggerDefinition {"httpsTrigger":{},"name":"api","entryPoint":"api"} {"metadata":{"emulator":{"name":"functions"},"function":{"name":"api"},"message":"[runtime-status] [19184] triggerDefinition {\"httpsTrigger\":{},\"name\":\"api\",\"entryPoint\":\"api\"}"}}
[debug] [2021-03-27T21:25:29.927Z] [runtime-status] [19184] Running api in mode HTTPS {"metadata":{"emulator":{"name":"functions"},"function":{"name":"api"},"message":"[runtime-status] [19184] Running api in mode HTTPS"}}
[debug] [2021-03-27T21:25:29.928Z] [runtime-status] [19184] Attempting to listen to socketPath: \\?\pipe\C:\Users\derek\Desktop\code\react-firebase-ecommerce\functions\19184 {"metadata":{"emulator":{"name":"functions"},"function":{"name":"api"},"message":"[runtime-status] [19184] Attempting to listen to socketPath: \\\\?\\pipe\\C:\\Users\\derek\\Desktop\\code\\react-firebase-ecommerce\\functions\\19184"}}
[debug] [2021-03-27T21:25:29.928Z] [functions] Runtime ready! Sending request! {"metadata":{"emulator":{"name":"functions"},"message":"[functions] Runtime ready! Sending request!"}}
[debug] [2021-03-27T21:25:29.928Z] [functions] Got req.url=/react-firebase-ecommerce-8e556/us-central1/api/payments/create, mapping to path=/payments/create {"metadata":{"emulator":{"name":"functions"},"message":"[functions] Got req.url=/react-firebase-ecommerce-8e556/us-central1/api/payments/create, mapping to path=/payments/create"}}
[debug] [2021-03-27T21:25:29.939Z] [runtime-status] [19184] Ephemeral server handling POST request {"metadata":{"emulator":{"name":"functions"},"function":{"name":"api"},"message":"[runtime-status] [19184] Ephemeral server handling POST request"}}
[debug] [2021-03-27T21:25:29.946Z] [runtime-status] [19184] Ephemeral server survived. {"metadata":{"emulator":{"name":"functions"},"function":{"name":"api"},"message":"[runtime-status] [19184] Ephemeral server survived."}}
[info] i  functions: Finished "api" in ~1s {"metadata":{"emulator":{"name":"functions"},"function":{"name":"api"},"message":"Finished \"api\" in ~1s"}}
[debug] [2021-03-27T21:25:30.630Z] [worker-api-47a51659-e194-40d4-b5a9-0e45adb04a57]: IDLE {"metadata":{"emulator":{"name":"functions"},"message":"[worker-api-47a51659-e194-40d4-b5a9-0e45adb04a57]: IDLE"}}
[debug] [2021-03-27T21:25:30.630Z] [work-queue] {"queueLength":0,"workRunningCount":0}
[debug] [2021-03-27T21:35:46.641Z] [work-queue] {"queueLength":1,"workRunningCount":0}
[debug] [2021-03-27T21:35:46.641Z] [work-queue] {"queueLength":0,"workRunningCount":1}
[debug] [2021-03-27T21:35:46.641Z] Accepted request OPTIONS /react-firebase-ecommerce-8e556/us-central1/api/payments/create --> api
[debug] [2021-03-27T21:35:46.642Z] [worker-pool] submitWork(triggerId=api) {"metadata":{"emulator":{"name":"functions"},"message":"[worker-pool] submitWork(triggerId=api)"}}
[debug] [2021-03-27T21:35:46.642Z] [worker-api-47a51659-e194-40d4-b5a9-0e45adb04a57]: Assigning socketPath: \\?\pipe\C:\Users\derek\Desktop\code\react-firebase-ecommerce\functions\19184 {"metadata":{"emulator":{"name":"functions"},"message":"[worker-api-47a51659-e194-40d4-b5a9-0e45adb04a57]: Assigning socketPath: \\\\?\\pipe\\C:\\Users\\derek\\Desktop\\code\\react-firebase-ecommerce\\functions\\19184"}}
[debug] [2021-03-27T21:35:46.642Z] [worker-api-47a51659-e194-40d4-b5a9-0e45adb04a57]: BUSY {"metadata":{"emulator":{"name":"functions"},"message":"[worker-api-47a51659-e194-40d4-b5a9-0e45adb04a57]: BUSY"}}
[debug] [2021-03-27T21:35:46.643Z] [runtime-status] [19184] Trigger "api" has been found, beginning invocation! {"metadata":{"emulator":{"name":"functions"},"function":{"name":"api"},"message":"[runtime-status] [19184] Trigger \"api\" has been found, beginning invocation!"}}
[info] i  functions: Beginning execution of "api" {"metadata":{"emulator":{"name":"functions"},"function":{"name":"api"},"message":"Beginning execution of \"api\""}}
[debug] [2021-03-27T21:35:46.645Z] [runtime-status] [19184] triggerDefinition {"httpsTrigger":{},"name":"api","entryPoint":"api"} {"metadata":{"emulator":{"name":"functions"},"function":{"name":"api"},"message":"[runtime-status] [19184] triggerDefinition {\"httpsTrigger\":{},\"name\":\"api\",\"entryPoint\":\"api\"}"}}
[debug] [2021-03-27T21:35:46.646Z] [runtime-status] [19184] Running api in mode HTTPS {"metadata":{"emulator":{"name":"functions"},"function":{"name":"api"},"message":"[runtime-status] [19184] Running api in mode HTTPS"}}
[debug] [2021-03-27T21:35:46.647Z] [runtime-status] [19184] Attempting to listen to socketPath: \\?\pipe\C:\Users\derek\Desktop\code\react-firebase-ecommerce\functions\19184 {"metadata":{"emulator":{"name":"functions"},"function":{"name":"api"},"message":"[runtime-status] [19184] Attempting to listen to socketPath: \\\\?\\pipe\\C:\\Users\\derek\\Desktop\\code\\react-firebase-ecommerce\\functions\\19184"}}
[debug] [2021-03-27T21:35:46.648Z] [functions] Runtime ready! Sending request! {"metadata":{"emulator":{"name":"functions"},"message":"[functions] Runtime ready! Sending request!"}}
[debug] [2021-03-27T21:35:46.648Z] [functions] Got req.url=/react-firebase-ecommerce-8e556/us-central1/api/payments/create, mapping to path=/payments/create {"metadata":{"emulator":{"name":"functions"},"message":"[functions] Got req.url=/react-firebase-ecommerce-8e556/us-central1/api/payments/create, mapping to path=/payments/create"}}
[debug] [2021-03-27T21:35:46.651Z] [runtime-status] [19184] Ephemeral server handling OPTIONS request {"metadata":{"emulator":{"name":"functions"},"function":{"name":"api"},"message":"[runtime-status] [19184] Ephemeral server handling OPTIONS request"}}
[debug] [2021-03-27T21:35:46.653Z] [runtime-status] [19184] Ephemeral server survived. {"metadata":{"emulator":{"name":"functions"},"function":{"name":"api"},"message":"[runtime-status] [19184] Ephemeral server survived."}}
[info] i  functions: Finished "api" in ~1s {"metadata":{"emulator":{"name":"functions"},"function":{"name":"api"},"message":"Finished \"api\" in ~1s"}}
[debug] [2021-03-27T21:35:46.655Z] [worker-api-47a51659-e194-40d4-b5a9-0e45adb04a57]: IDLE {"metadata":{"emulator":{"name":"functions"},"message":"[worker-api-47a51659-e194-40d4-b5a9-0e45adb04a57]: IDLE"}}
[debug] [2021-03-27T21:35:46.655Z] [work-queue] {"queueLength":0,"workRunningCount":0}
[debug] [2021-03-27T21:35:46.657Z] [work-queue] {"queueLength":1,"workRunningCount":0}
[debug] [2021-03-27T21:35:46.657Z] [work-queue] {"queueLength":0,"workRunningCount":1}
[debug] [2021-03-27T21:35:46.658Z] Accepted request POST /react-firebase-ecommerce-8e556/us-central1/api/payments/create --> api
[debug] [2021-03-27T21:35:46.658Z] [worker-pool] submitWork(triggerId=api) {"metadata":{"emulator":{"name":"functions"},"message":"[worker-pool] submitWork(triggerId=api)"}}
[debug] [2021-03-27T21:35:46.658Z] [worker-api-47a51659-e194-40d4-b5a9-0e45adb04a57]: Assigning socketPath: \\?\pipe\C:\Users\derek\Desktop\code\react-firebase-ecommerce\functions\19184 {"metadata":{"emulator":{"name":"functions"},"message":"[worker-api-47a51659-e194-40d4-b5a9-0e45adb04a57]: Assigning socketPath: \\\\?\\pipe\\C:\\Users\\derek\\Desktop\\code\\react-firebase-ecommerce\\functions\\19184"}}
[debug] [2021-03-27T21:35:46.658Z] [worker-api-47a51659-e194-40d4-b5a9-0e45adb04a57]: BUSY {"metadata":{"emulator":{"name":"functions"},"message":"[worker-api-47a51659-e194-40d4-b5a9-0e45adb04a57]: BUSY"}}
[debug] [2021-03-27T21:35:46.670Z] [runtime-status] [19184] Trigger "api" has been found, beginning invocation! {"metadata":{"emulator":{"name":"functions"},"function":{"name":"api"},"message":"[runtime-status] [19184] Trigger \"api\" has been found, beginning invocation!"}}
[info] i  functions: Beginning execution of "api" {"metadata":{"emulator":{"name":"functions"},"function":{"name":"api"},"message":"Beginning execution of \"api\""}}
[debug] [2021-03-27T21:35:46.672Z] [runtime-status] [19184] triggerDefinition {"httpsTrigger":{},"name":"api","entryPoint":"api"} {"metadata":{"emulator":{"name":"functions"},"function":{"name":"api"},"message":"[runtime-status] [19184] triggerDefinition {\"httpsTrigger\":{},\"name\":\"api\",\"entryPoint\":\"api\"}"}}
[debug] [2021-03-27T21:35:46.672Z] [runtime-status] [19184] Running api in mode HTTPS {"metadata":{"emulator":{"name":"functions"},"function":{"name":"api"},"message":"[runtime-status] [19184] Running api in mode HTTPS"}}
[debug] [2021-03-27T21:35:46.673Z] [runtime-status] [19184] Attempting to listen to socketPath: \\?\pipe\C:\Users\derek\Desktop\code\react-firebase-ecommerce\functions\19184 {"metadata":{"emulator":{"name":"functions"},"function":{"name":"api"},"message":"[runtime-status] [19184] Attempting to listen to socketPath: \\\\?\\pipe\\C:\\Users\\derek\\Desktop\\code\\react-firebase-ecommerce\\functions\\19184"}}
[debug] [2021-03-27T21:35:46.674Z] [functions] Runtime ready! Sending request! {"metadata":{"emulator":{"name":"functions"},"message":"[functions] Runtime ready! Sending request!"}}
[debug] [2021-03-27T21:35:46.677Z] [functions] Got req.url=/react-firebase-ecommerce-8e556/us-central1/api/payments/create, mapping to path=/payments/create {"metadata":{"emulator":{"name":"functions"},"message":"[functions] Got req.url=/react-firebase-ecommerce-8e556/us-central1/api/payments/create, mapping to path=/payments/create"}}
[debug] [2021-03-27T21:35:46.681Z] [runtime-status] [19184] Ephemeral server handling POST request {"metadata":{"emulator":{"name":"functions"},"function":{"name":"api"},"message":"[runtime-status] [19184] Ephemeral server handling POST request"}}
[debug] [2021-03-27T21:35:46.695Z] [runtime-status] [19184] Ephemeral server survived. {"metadata":{"emulator":{"name":"functions"},"function":{"name":"api"},"message":"[runtime-status] [19184] Ephemeral server survived."}}
[info] i  functions: Finished "api" in ~1s {"metadata":{"emulator":{"name":"functions"},"function":{"name":"api"},"message":"Finished \"api\" in ~1s"}}
[debug] [2021-03-27T21:35:47.353Z] [worker-api-47a51659-e194-40d4-b5a9-0e45adb04a57]: IDLE {"metadata":{"emulator":{"name":"functions"},"message":"[worker-api-47a51659-e194-40d4-b5a9-0e45adb04a57]: IDLE"}}
[debug] [2021-03-27T21:35:47.354Z] [work-queue] {"queueLength":0,"workRunningCount":0}
[debug] [2021-03-27T21:37:20.800Z] [work-queue] {"queueLength":1,"workRunningCount":0}
[debug] [2021-03-27T21:37:20.800Z] [work-queue] {"queueLength":0,"workRunningCount":1}
[debug] [2021-03-27T21:37:20.800Z] Accepted request OPTIONS /react-firebase-ecommerce-8e556/us-central1/api/payments/create --> api
[debug] [2021-03-27T21:37:20.800Z] [worker-pool] submitWork(triggerId=api) {"metadata":{"emulator":{"name":"functions"},"message":"[worker-pool] submitWork(triggerId=api)"}}
[debug] [2021-03-27T21:37:20.800Z] [worker-api-47a51659-e194-40d4-b5a9-0e45adb04a57]: Assigning socketPath: \\?\pipe\C:\Users\derek\Desktop\code\react-firebase-ecommerce\functions\19184 {"metadata":{"emulator":{"name":"functions"},"message":"[worker-api-47a51659-e194-40d4-b5a9-0e45adb04a57]: Assigning socketPath: \\\\?\\pipe\\C:\\Users\\derek\\Desktop\\code\\react-firebase-ecommerce\\functions\\19184"}}
[debug] [2021-03-27T21:37:20.801Z] [worker-api-47a51659-e194-40d4-b5a9-0e45adb04a57]: BUSY {"metadata":{"emulator":{"name":"functions"},"message":"[worker-api-47a51659-e194-40d4-b5a9-0e45adb04a57]: BUSY"}}
[debug] [2021-03-27T21:37:20.801Z] [runtime-status] [19184] Trigger "api" has been found, beginning invocation! {"metadata":{"emulator":{"name":"functions"},"function":{"name":"api"},"message":"[runtime-status] [19184] Trigger \"api\" has been found, beginning invocation!"}}
[info] i  functions: Beginning execution of "api" {"metadata":{"emulator":{"name":"functions"},"function":{"name":"api"},"message":"Beginning execution of \"api\""}}
[debug] [2021-03-27T21:37:20.803Z] [runtime-status] [19184] triggerDefinition {"httpsTrigger":{},"name":"api","entryPoint":"api"} {"metadata":{"emulator":{"name":"functions"},"function":{"name":"api"},"message":"[runtime-status] [19184] triggerDefinition {\"httpsTrigger\":{},\"name\":\"api\",\"entryPoint\":\"api\"}"}}
[debug] [2021-03-27T21:37:20.803Z] [runtime-status] [19184] Running api in mode HTTPS {"metadata":{"emulator":{"name":"functions"},"function":{"name":"api"},"message":"[runtime-status] [19184] Running api in mode HTTPS"}}
[debug] [2021-03-27T21:37:20.804Z] [runtime-status] [19184] Attempting to listen to socketPath: \\?\pipe\C:\Users\derek\Desktop\code\react-firebase-ecommerce\functions\19184 {"metadata":{"emulator":{"name":"functions"},"function":{"name":"api"},"message":"[runtime-status] [19184] Attempting to listen to socketPath: \\\\?\\pipe\\C:\\Users\\derek\\Desktop\\code\\react-firebase-ecommerce\\functions\\19184"}}
[debug] [2021-03-27T21:37:20.805Z] [functions] Runtime ready! Sending request! {"metadata":{"emulator":{"name":"functions"},"message":"[functions] Runtime ready! Sending request!"}}
[debug] [2021-03-27T21:37:20.805Z] [functions] Got req.url=/react-firebase-ecommerce-8e556/us-central1/api/payments/create, mapping to path=/payments/create {"metadata":{"emulator":{"name":"functions"},"message":"[functions] Got req.url=/react-firebase-ecommerce-8e556/us-central1/api/payments/create, mapping to path=/payments/create"}}
[debug] [2021-03-27T21:37:20.808Z] [runtime-status] [19184] Ephemeral server handling OPTIONS request {"metadata":{"emulator":{"name":"functions"},"function":{"name":"api"},"message":"[runtime-status] [19184] Ephemeral server handling OPTIONS request"}}
[debug] [2021-03-27T21:37:20.809Z] [runtime-status] [19184] Ephemeral server survived. {"metadata":{"emulator":{"name":"functions"},"function":{"name":"api"},"message":"[runtime-status] [19184] Ephemeral server survived."}}
[info] i  functions: Finished "api" in ~1s {"metadata":{"emulator":{"name":"functions"},"function":{"name":"api"},"message":"Finished \"api\" in ~1s"}}
[debug] [2021-03-27T21:37:20.811Z] [worker-api-47a51659-e194-40d4-b5a9-0e45adb04a57]: IDLE {"metadata":{"emulator":{"name":"functions"},"message":"[worker-api-47a51659-e194-40d4-b5a9-0e45adb04a57]: IDLE"}}
[debug] [2021-03-27T21:37:20.811Z] [work-queue] {"queueLength":0,"workRunningCount":0}
[debug] [2021-03-27T21:37:20.812Z] [work-queue] {"queueLength":1,"workRunningCount":0}
[debug] [2021-03-27T21:37:20.812Z] [work-queue] {"queueLength":0,"workRunningCount":1}
[debug] [2021-03-27T21:37:20.813Z] Accepted request POST /react-firebase-ecommerce-8e556/us-central1/api/payments/create --> api
[debug] [2021-03-27T21:37:20.813Z] [worker-pool] submitWork(triggerId=api) {"metadata":{"emulator":{"name":"functions"},"message":"[worker-pool] submitWork(triggerId=api)"}}
[debug] [2021-03-27T21:37:20.813Z] [worker-api-47a51659-e194-40d4-b5a9-0e45adb04a57]: Assigning socketPath: \\?\pipe\C:\Users\derek\Desktop\code\react-firebase-ecommerce\functions\19184 {"metadata":{"emulator":{"name":"functions"},"message":"[worker-api-47a51659-e194-40d4-b5a9-0e45adb04a57]: Assigning socketPath: \\\\?\\pipe\\C:\\Users\\derek\\Desktop\\code\\react-firebase-ecommerce\\functions\\19184"}}
[debug] [2021-03-27T21:37:20.813Z] [worker-api-47a51659-e194-40d4-b5a9-0e45adb04a57]: BUSY {"metadata":{"emulator":{"name":"functions"},"message":"[worker-api-47a51659-e194-40d4-b5a9-0e45adb04a57]: BUSY"}}
[debug] [2021-03-27T21:37:20.831Z] [runtime-status] [19184] Trigger "api" has been found, beginning invocation! {"metadata":{"emulator":{"name":"functions"},"function":{"name":"api"},"message":"[runtime-status] [19184] Trigger \"api\" has been found, beginning invocation!"}}
[info] i  functions: Beginning execution of "api" {"metadata":{"emulator":{"name":"functions"},"function":{"name":"api"},"message":"Beginning execution of \"api\""}}
[debug] [2021-03-27T21:37:20.832Z] [runtime-status] [19184] triggerDefinition {"httpsTrigger":{},"name":"api","entryPoint":"api"} {"metadata":{"emulator":{"name":"functions"},"function":{"name":"api"},"message":"[runtime-status] [19184] triggerDefinition {\"httpsTrigger\":{},\"name\":\"api\",\"entryPoint\":\"api\"}"}}
[debug] [2021-03-27T21:37:20.832Z] [runtime-status] [19184] Running api in mode HTTPS {"metadata":{"emulator":{"name":"functions"},"function":{"name":"api"},"message":"[runtime-status] [19184] Running api in mode HTTPS"}}
[debug] [2021-03-27T21:37:20.832Z] [runtime-status] [19184] Attempting to listen to socketPath: \\?\pipe\C:\Users\derek\Desktop\code\react-firebase-ecommerce\functions\19184 {"metadata":{"emulator":{"name":"functions"},"function":{"name":"api"},"message":"[runtime-status] [19184] Attempting to listen to socketPath: \\\\?\\pipe\\C:\\Users\\derek\\Desktop\\code\\react-firebase-ecommerce\\functions\\19184"}}
[debug] [2021-03-27T21:37:20.832Z] [functions] Runtime ready! Sending request! {"metadata":{"emulator":{"name":"functions"},"message":"[functions] Runtime ready! Sending request!"}}
[debug] [2021-03-27T21:37:20.833Z] [functions] Got req.url=/react-firebase-ecommerce-8e556/us-central1/api/payments/create, mapping to path=/payments/create {"metadata":{"emulator":{"name":"functions"},"message":"[functions] Got req.url=/react-firebase-ecommerce-8e556/us-central1/api/payments/create, mapping to path=/payments/create"}}
[debug] [2021-03-27T21:37:20.834Z] [runtime-status] [19184] Ephemeral server handling POST request {"metadata":{"emulator":{"name":"functions"},"function":{"name":"api"},"message":"[runtime-status] [19184] Ephemeral server handling POST request"}}
[debug] [2021-03-27T21:37:20.836Z] [runtime-status] [19184] Ephemeral server survived. {"metadata":{"emulator":{"name":"functions"},"function":{"name":"api"},"message":"[runtime-status] [19184] Ephemeral server survived."}}
[info] i  functions: Finished "api" in ~1s {"metadata":{"emulator":{"name":"functions"},"function":{"name":"api"},"message":"Finished \"api\" in ~1s"}}
[debug] [2021-03-27T21:37:21.389Z] [worker-api-47a51659-e194-40d4-b5a9-0e45adb04a57]: IDLE {"metadata":{"emulator":{"name":"functions"},"message":"[worker-api-47a51659-e194-40d4-b5a9-0e45adb04a57]: IDLE"}}
[debug] [2021-03-27T21:37:21.389Z] [work-queue] {"queueLength":0,"workRunningCount":0}
[debug] [2021-03-27T21:38:08.113Z] Received signal SIGHUP 1
